<?xml version="1.0" encoding="UTF-8"?>
<testng-results skipped="0" failed="0" ignored="0" total="2" passed="2">
  <reporter-output>
  </reporter-output>
  <suite name="Suite" duration-ms="38490" started-at="2018-07-11T19:57:23Z" finished-at="2018-07-11T19:58:01Z">
    <groups>
    </groups>
    <test name="Test" duration-ms="38490" started-at="2018-07-11T19:57:23Z" finished-at="2018-07-11T19:58:01Z">
      <class name="LoginTest02">
        <test-method status="PASS" signature="beforeClass()[pri:0, instance:LoginTest02@5bfbf16f]" name="beforeClass" is-config="true" duration-ms="13" started-at="2018-07-11T19:57:23Z" finished-at="2018-07-11T19:57:23Z">
          <reporter-output>
          </reporter-output>
        </test-method> <!-- beforeClass -->
        <test-method status="PASS" signature="f()[pri:0, instance:LoginTest02@5bfbf16f]" name="f" duration-ms="24" started-at="2018-07-11T19:57:23Z" finished-at="2018-07-11T19:57:23Z">
          <reporter-output>
          </reporter-output>
        </test-method> <!-- f -->
        <test-method status="PASS" signature="verifyLogin()[pri:0, instance:LoginTest02@5bfbf16f]" name="verifyLogin" duration-ms="38229" started-at="2018-07-11T19:57:23Z" finished-at="2018-07-11T19:58:01Z">
          <reporter-output>
          </reporter-output>
        </test-method> <!-- verifyLogin -->
        <test-method status="PASS" signature="afterClass()[pri:0, instance:LoginTest02@5bfbf16f]" name="afterClass" is-config="true" duration-ms="176" started-at="2018-07-11T19:58:01Z" finished-at="2018-07-11T19:58:01Z">
          <reporter-output>
          </reporter-output>
        </test-method> <!-- afterClass -->
      </class> <!-- LoginTest02 -->
    </test> <!-- Test -->
  </suite> <!-- Suite -->
</testng-results>
